#
# There is insufficient memory for the Java Runtime Environment to continue.
# Native memory allocation (malloc) failed to allocate 166864 bytes for Chunk::new
# Possible reasons:
#   The system is out of physical RAM or swap space
#   In 32 bit mode, the process size limit was hit
# Possible solutions:
#   Reduce memory load on the system
#   Increase physical memory or swap space
#   Check if swap backing store is full
#   Use 64 bit Java on a 64 bit OS
#   Decrease Java heap size (-Xmx/-Xms)
#   Decrease number of Java threads
#   Decrease Java thread stack sizes (-Xss)
#   Set larger code cache with -XX:ReservedCodeCacheSize=
# This output file may be truncated or incomplete.
#
#  Out of Memory Error (allocation.cpp:390), pid=2456, tid=4932
#
# JRE version: Java(TM) SE Runtime Environment (8.0_45-b15) (build 1.8.0_45-b15)
# Java VM: Java HotSpot(TM) 64-Bit Server VM (25.45-b02 mixed mode windows-amd64 compressed oops)
# Failed to write core dump. Minidumps are not enabled by default on client versions of Windows
#

---------------  T H R E A D  ---------------

Current thread (0x0000000014ffc000):  JavaThread "C2 CompilerThread1" daemon [_thread_in_native, id=4932, stack(0x0000000016670000,0x0000000016770000)]

Stack: [0x0000000016670000,0x0000000016770000]
Native frames: (J=compiled Java code, j=interpreted, Vv=VM code, C=native code)
V  [jvm.dll+0x32b57a]
V  [jvm.dll+0x279873]
V  [jvm.dll+0x27a509]
V  [jvm.dll+0x271825]
V  [jvm.dll+0xcb9e2]
V  [jvm.dll+0xcbeac]
V  [jvm.dll+0x47749d]
V  [jvm.dll+0x4b955f]
V  [jvm.dll+0x46baa8]
V  [jvm.dll+0x46ccbe]
V  [jvm.dll+0x4500f2]
V  [jvm.dll+0xa4352]
V  [jvm.dll+0xa4c8f]
V  [jvm.dll+0x241984]
V  [jvm.dll+0x29853a]
C  [msvcr100.dll+0x21d9f]
C  [msvcr100.dll+0x21e3b]
C  [KERNEL32.DLL+0x13d2]
C  [ntdll.dll+0x15444]


Current CompileTask:
C2:  27754 1910   !   4       com.android.dx.cf.code.BytecodeArray::parseInstruction (2764 bytes)


---------------  P R O C E S S  ---------------

Java Threads: ( => current thread )
  0x0000000016890800 JavaThread "Service Thread" daemon [_thread_blocked, id=1928, stack(0x0000000016c70000,0x0000000016d70000)]
  0x0000000015001800 JavaThread "C1 CompilerThread2" daemon [_thread_blocked, id=1304, stack(0x0000000016770000,0x0000000016870000)]
=>0x0000000014ffc000 JavaThread "C2 CompilerThread1" daemon [_thread_in_native, id=4932, stack(0x0000000016670000,0x0000000016770000)]
  0x0000000014ff9800 JavaThread "C2 CompilerThread0" daemon [_thread_in_native, id=3104, stack(0x0000000016570000,0x0000000016670000)]
  0x0000000015006000 JavaThread "Attach Listener" daemon [_thread_blocked, id=3448, stack(0x0000000016470000,0x0000000016570000)]
  0x0000000015004800 JavaThread "Signal Dispatcher" daemon [_thread_blocked, id=2144, stack(0x0000000016370000,0x0000000016470000)]
  0x00000000028b0000 JavaThread "Finalizer" daemon [_thread_blocked, id=616, stack(0x0000000016270000,0x0000000016370000)]
  0x00000000028ad000 JavaThread "Reference Handler" daemon [_thread_blocked, id=4852, stack(0x0000000016170000,0x0000000016270000)]
  0x00000000027c0800 JavaThread "main" [_thread_in_native, id=3600, stack(0x00000000026a0000,0x00000000027a0000)]

Other Threads:
  0x0000000014fc7800 VMThread [stack: 0x0000000016070000,0x0000000016170000] [id=4312]
  0x0000000016891000 WatcherThread [stack: 0x0000000016d70000,0x0000000016e70000] [id=3648]

VM state:not at safepoint (normal execution)

VM Mutex/Monitor currently owned by a thread: None

Heap:
 PSYoungGen      total 87040K, used 21862K [0x00000000eab00000, 0x00000000f0300000, 0x0000000100000000)
  eden space 83968K, 26% used [0x00000000eab00000,0x00000000ec059ba8,0x00000000efd00000)
  from space 3072K, 0% used [0x00000000f0000000,0x00000000f0000000,0x00000000f0300000)
  to   space 3072K, 0% used [0x00000000efd00000,0x00000000efd00000,0x00000000f0000000)
 ParOldGen       total 54784K, used 42780K [0x00000000c0000000, 0x00000000c3580000, 0x00000000eab00000)
  object space 54784K, 78% used [0x00000000c0000000,0x00000000c29c7100,0x00000000c3580000)
 Metaspace       used 6815K, capacity 7608K, committed 7936K, reserved 1056768K
  class space    used 635K, capacity 688K, committed 768K, reserved 1048576K

Card table byte_map: [0x0000000011cf0000,0x0000000011f00000] byte_map_base: 0x00000000116f0000

Marking Bits: (ParMarkBitMap*) 0x000000006efb4040
 Begin Bits: [0x0000000012460000, 0x0000000013460000)
 End Bits:   [0x0000000013460000, 0x0000000014460000)

Polling page: 0x0000000000e10000

CodeCache: size=245760Kb used=11613Kb max_used=11613Kb free=234146Kb
 bounds [0x0000000002930000, 0x0000000003490000, 0x0000000011930000]
 total_blobs=2782 nmethods=2508 adapters=186
 compilation: enabled

Compilation events (10 events):
Event: 17.405 Thread 0x0000000015001800 nmethod 1908 0x0000000003297450 code [0x0000000003297660, 0x00000000032981d8]
Event: 17.405 Thread 0x0000000015001800 1909       3       com.android.dx.dex.code.RopTranslator$TranslationVisitor::visitThrowingInsn (118 bytes)
Event: 17.406 Thread 0x0000000014ffc000 1910   !   4       com.android.dx.cf.code.BytecodeArray::parseInstruction (2764 bytes)
Event: 17.407 Thread 0x0000000015001800 nmethod 1909 0x00000000032a5d90 code [0x00000000032a60a0, 0x00000000032a79a8]
Event: 17.413 Thread 0x0000000015001800 1911       1       com.android.dx.cf.attrib.AttInnerClasses::getInnerClasses (5 bytes)
Event: 17.413 Thread 0x0000000015001800 nmethod 1911 0x0000000003292550 code [0x00000000032926a0, 0x00000000032927b0]
Event: 17.436 Thread 0x0000000015001800 1913       3       com.android.dx.ssa.SsaBasicBlock::addPhiInsnForReg (18 bytes)
Event: 17.437 Thread 0x0000000015001800 nmethod 1913 0x00000000032a4a90 code [0x00000000032a4c60, 0x00000000032a5358]
Event: 17.437 Thread 0x0000000015001800 1914       3       com.android.dx.ssa.PhiInsn::<init> (26 bytes)
Event: 17.437 Thread 0x0000000015001800 nmethod 1914 0x00000000032a4010 code [0x00000000032a41c0, 0x00000000032a47a8]

GC Heap History (8 events):
Event: 3.746 GC heap before
{Heap before GC invocations=1 (full 0):
 PSYoungGen      total 24064K, used 20992K [0x00000000eab00000, 0x00000000ec580000, 0x0000000100000000)
  eden space 20992K, 100% used [0x00000000eab00000,0x00000000ebf80000,0x00000000ebf80000)
  from space 3072K, 0% used [0x00000000ec280000,0x00000000ec280000,0x00000000ec580000)
  to   space 3072K, 0% used [0x00000000ebf80000,0x00000000ebf80000,0x00000000ec280000)
 ParOldGen       total 54784K, used 0K [0x00000000c0000000, 0x00000000c3580000, 0x00000000eab00000)
  object space 54784K, 0% used [0x00000000c0000000,0x00000000c0000000,0x00000000c3580000)
 Metaspace       used 5605K, capacity 6896K, committed 7040K, reserved 1056768K
  class space    used 550K, capacity 616K, committed 640K, reserved 1048576K
Event: 3.821 GC heap after
Heap after GC invocations=1 (full 0):
 PSYoungGen      total 24064K, used 3047K [0x00000000eab00000, 0x00000000eda00000, 0x0000000100000000)
  eden space 20992K, 0% used [0x00000000eab00000,0x00000000eab00000,0x00000000ebf80000)
  from space 3072K, 99% used [0x00000000ebf80000,0x00000000ec279ee8,0x00000000ec280000)
  to   space 3072K, 0% used [0x00000000ed700000,0x00000000ed700000,0x00000000eda00000)
 ParOldGen       total 54784K, used 1925K [0x00000000c0000000, 0x00000000c3580000, 0x00000000eab00000)
  object space 54784K, 3% used [0x00000000c0000000,0x00000000c01e1578,0x00000000c3580000)
 Metaspace       used 5605K, capacity 6896K, committed 7040K, reserved 1056768K
  class space    used 550K, capacity 616K, committed 640K, reserved 1048576K
}
Event: 6.757 GC heap before
{Heap before GC invocations=2 (full 0):
 PSYoungGen      total 24064K, used 24039K [0x00000000eab00000, 0x00000000eda00000, 0x0000000100000000)
  eden space 20992K, 100% used [0x00000000eab00000,0x00000000ebf80000,0x00000000ebf80000)
  from space 3072K, 99% used [0x00000000ebf80000,0x00000000ec279ee8,0x00000000ec280000)
  to   space 3072K, 0% used [0x00000000ed700000,0x00000000ed700000,0x00000000eda00000)
 ParOldGen       total 54784K, used 1925K [0x00000000c0000000, 0x00000000c3580000, 0x00000000eab00000)
  object space 54784K, 3% used [0x00000000c0000000,0x00000000c01e1578,0x00000000c3580000)
 Metaspace       used 5735K, capacity 6960K, committed 7040K, reserved 1056768K
  class space    used 552K, capacity 616K, committed 640K, reserved 1048576K
Event: 7.286 GC heap after
Heap after GC invocations=2 (full 0):
 PSYoungGen      total 45056K, used 3043K [0x00000000eab00000, 0x00000000eda00000, 0x0000000100000000)
  eden space 41984K, 0% used [0x00000000eab00000,0x00000000eab00000,0x00000000ed400000)
  from space 3072K, 99% used [0x00000000ed700000,0x00000000ed9f8f48,0x00000000eda00000)
  to   space 3072K, 0% used [0x00000000ed400000,0x00000000ed400000,0x00000000ed700000)
 ParOldGen       total 54784K, used 4984K [0x00000000c0000000, 0x00000000c3580000, 0x00000000eab00000)
  object space 54784K, 9% used [0x00000000c0000000,0x00000000c04de088,0x00000000c3580000)
 Metaspace       used 5735K, capacity 6960K, committed 7040K, reserved 1056768K
  class space    used 552K, capacity 616K, committed 640K, reserved 1048576K
}
Event: 13.062 GC heap before
{Heap before GC invocations=3 (full 0):
 PSYoungGen      total 45056K, used 45027K [0x00000000eab00000, 0x00000000eda00000, 0x0000000100000000)
  eden space 41984K, 100% used [0x00000000eab00000,0x00000000ed400000,0x00000000ed400000)
  from space 3072K, 99% used [0x00000000ed700000,0x00000000ed9f8f48,0x00000000eda00000)
  to   space 3072K, 0% used [0x00000000ed400000,0x00000000ed400000,0x00000000ed700000)
 ParOldGen       total 54784K, used 4984K [0x00000000c0000000, 0x00000000c3580000, 0x00000000eab00000)
  object space 54784K, 9% used [0x00000000c0000000,0x00000000c04de088,0x00000000c3580000)
 Metaspace       used 5841K, capacity 7088K, committed 7296K, reserved 1056768K
  class space    used 556K, capacity 616K, committed 640K, reserved 1048576K
Event: 13.443 GC heap after
Heap after GC invocations=3 (full 0):
 PSYoungGen      total 45056K, used 3040K [0x00000000eab00000, 0x00000000f0300000, 0x0000000100000000)
  eden space 41984K, 0% used [0x00000000eab00000,0x00000000eab00000,0x00000000ed400000)
  from space 3072K, 98% used [0x00000000ed400000,0x00000000ed6f8108,0x00000000ed700000)
  to   space 3072K, 0% used [0x00000000f0000000,0x00000000f0000000,0x00000000f0300000)
 ParOldGen       total 54784K, used 11697K [0x00000000c0000000, 0x00000000c3580000, 0x00000000eab00000)
  object space 54784K, 21% used [0x00000000c0000000,0x00000000c0b6c5c8,0x00000000c3580000)
 Metaspace       used 5841K, capacity 7088K, committed 7296K, reserved 1056768K
  class space    used 556K, capacity 616K, committed 640K, reserved 1048576K
}
Event: 17.153 GC heap before
{Heap before GC invocations=4 (full 0):
 PSYoungGen      total 45056K, used 45024K [0x00000000eab00000, 0x00000000f0300000, 0x0000000100000000)
  eden space 41984K, 100% used [0x00000000eab00000,0x00000000ed400000,0x00000000ed400000)
  from space 3072K, 98% used [0x00000000ed400000,0x00000000ed6f8108,0x00000000ed700000)
  to   space 3072K, 0% used [0x00000000f0000000,0x00000000f0000000,0x00000000f0300000)
 ParOldGen       total 54784K, used 11697K [0x00000000c0000000, 0x00000000c3580000, 0x00000000eab00000)
  object space 54784K, 21% used [0x00000000c0000000,0x00000000c0b6c5c8,0x00000000c3580000)
 Metaspace       used 5967K, capacity 7088K, committed 7296K, reserved 1056768K
  class space    used 576K, capacity 616K, committed 640K, reserved 1048576K
Event: 17.187 GC heap after
Heap after GC invocations=4 (full 0):
 PSYoungGen      total 87040K, used 3070K [0x00000000eab00000, 0x00000000f0300000, 0x0000000100000000)
  eden space 83968K, 0% used [0x00000000eab00000,0x00000000eab00000,0x00000000efd00000)
  from space 3072K, 99% used [0x00000000f0000000,0x00000000f02ff950,0x00000000f0300000)
  to   space 3072K, 0% used [0x00000000efd00000,0x00000000efd00000,0x00000000f0000000)
 ParOldGen       total 54784K, used 18239K [0x00000000c0000000, 0x00000000c3580000, 0x00000000eab00000)
  object space 54784K, 33% used [0x00000000c0000000,0x00000000c11cfed8,0x00000000c3580000)
 Metaspace       used 5967K, capacity 7088K, committed 7296K, reserved 1056768K
  class space    used 576K, capacity 616K, committed 640K, reserved 1048576K
}

Deoptimization events (10 events):
Event: 16.463 Thread 0x00000000027c0800 Uncommon trap: reason=unstable_if action=reinterpret pc=0x0000000002c8e018 method=java.util.HashMap.getNode(ILjava/lang/Object;)Ljava/util/HashMap$Node; @ 84
Event: 16.465 Thread 0x00000000027c0800 Uncommon trap: reason=unstable_if action=reinterpret pc=0x0000000002e09534 method=java.util.HashMap.putVal(ILjava/lang/Object;Ljava/lang/Object;ZZ)Ljava/lang/Object; @ 162
Event: 16.854 Thread 0x00000000027c0800 Uncommon trap: reason=unstable_if action=reinterpret pc=0x00000000030ad88c method=java.util.HashMap.resize()[Ljava/util/HashMap$Node; @ 206
Event: 16.897 Thread 0x00000000027c0800 Uncommon trap: reason=bimorphic action=maybe_recompile pc=0x000000000303ae68 method=com.android.dx.ssa.LiteralOpUpgrader.tryReplacingWithConstant(Lcom/android/dx/ssa/NormalSsaInsn;)Z @ 62
Event: 17.114 Thread 0x00000000027c0800 Uncommon trap: reason=class_check action=maybe_recompile pc=0x0000000003106d74 method=com.android.dx.cf.code.RopperMachine.run(Lcom/android/dx/cf/code/Frame;II)V @ 1024
Event: 17.145 Thread 0x00000000027c0800 Uncommon trap: reason=class_check action=maybe_recompile pc=0x0000000003136abc method=com.android.dx.ssa.SCCP.replaceConstants()V @ 182
Event: 17.152 Thread 0x00000000027c0800 Uncommon trap: reason=class_check action=maybe_recompile pc=0x0000000003136abc method=com.android.dx.ssa.SCCP.replaceConstants()V @ 182
Event: 17.213 Thread 0x00000000027c0800 Uncommon trap: reason=bimorphic action=maybe_recompile pc=0x0000000003225450 method=java.util.HashMap.putVal(ILjava/lang/Object;Ljava/lang/Object;ZZ)Ljava/lang/Object; @ 203
Event: 17.406 Thread 0x00000000027c0800 Uncommon trap: reason=bimorphic action=maybe_recompile pc=0x00000000031233bc method=com.android.dx.cf.code.BytecodeArray.parseInstruction(ILcom/android/dx/cf/code/BytecodeArray$Visitor;)I @ 2484
Event: 17.406 Thread 0x00000000027c0800 Uncommon trap: reason=bimorphic action=maybe_recompile pc=0x00000000031233bc method=com.android.dx.cf.code.BytecodeArray.parseInstruction(ILcom/android/dx/cf/code/BytecodeArray$Visitor;)I @ 2484

Internal exceptions (7 events):
Event: 0.624 Thread 0x00000000027c0800 Exception <a 'java/lang/NoSuchMethodError': Method sun.misc.Unsafe.defineClass(Ljava/lang/String;[BII)Ljava/lang/Class; name or signature does not match> (0x00000000eab0cf48) thrown at [C:\re\workspace\8-2-build-windows-amd64-cygwin\jdk8u45\3627\hotspot\sr,tzSûã?
Event: 0.624 Thread 0x00000000027c0800 Exception <a 'java/lang/NoSuchMethodError': Method sun.misc.Unsafe.prefetchRead(Ljava/lang/Object;J)V name or signature does not match> (0x00000000eab0d1d8) thrown at [C:\re\workspace\8-2-build-windows-amd64-cygwin\jdk8u45\3627\hotspot\src\share\vm\prims\jY‘R)I@
Event: 7.321 Thread 0x00000000027c0800 Implicit null exception at 0x0000000002f1c4f4 to 0x0000000002f1f265
Event: 8.341 Thread 0x00000000027c0800 Implicit null exception at 0x0000000002f3115e to 0x0000000002f33fb9
Event: 16.154 Thread 0x00000000027c0800 Exception <a 'java/lang/ArrayIndexOutOfBoundsException': 18> (0x00000000ec3a4b70) thrown at [C:\re\workspace\8-2-build-windows-amd64-cygwin\jdk8u45\3627\hotspot\src\share\vm\interpreter\interpreterRuntime.cpp, line 366]
Event: 16.183 Thread 0x00000000027c0800 Exception <a 'java/lang/ArrayIndexOutOfBoundsException'> (0x00000000ec3a6640) thrown at [C:\re\workspace\8-2-build-windows-amd64-cygwin\jdk8u45\3627\hotspot\src\share\vm\runtime\sharedRuntime.cpp, line 605]
Event: 16.393 Thread 0x00000000027c0800 Exception <a 'java/lang/ArrayIndexOutOfBoundsException'> (0x00000000ec3a7878) thrown at [C:\re\workspace\8-2-build-windows-amd64-cygwin\jdk8u45\3627\hotspot\src\share\vm\runtime\sharedRuntime.cpp, line 605]

Events (10 events):
Event: 17.187 Executing VM operation: ParallelGCFailedAllocation done
Event: 17.213 Thread 0x00000000027c0800 Uncommon trap: trap_request=0xffffffc6 fr.pc=0x0000000003225450
Event: 17.213 Thread 0x00000000027c0800 DEOPT PACKING pc=0x0000000003225450 sp=0x000000000279e500
Event: 17.213 Thread 0x00000000027c0800 DEOPT UNPACKING pc=0x000000000297582a sp=0x000000000279e3a8 mode 2
Event: 17.406 Thread 0x00000000027c0800 Uncommon trap: trap_request=0xffffffc6 fr.pc=0x00000000031233bc
Event: 17.406 Thread 0x00000000027c0800 DEOPT PACKING pc=0x00000000031233bc sp=0x000000000279e520
Event: 17.406 Thread 0x00000000027c0800 DEOPT UNPACKING pc=0x000000000297582a sp=0x000000000279e4c8 mode 2
Event: 17.406 Thread 0x00000000027c0800 Uncommon trap: trap_request=0xffffffc6 fr.pc=0x00000000031233bc
Event: 17.406 Thread 0x00000000027c0800 DEOPT PACKING pc=0x00000000031233bc sp=0x000000000279e520
Event: 17.406 Thread 0x00000000027c0800 DEOPT UNPACKING pc=0x000000000297582a sp=0x000000000279e4c8 mode 2


Dynamic libraries:
0x00007ff604780000 - 0x00007ff6047b7000 	C:\Program Files\Java\jdk1.8.0_45\bin\java.exe
0x00007fff01db0000 - 0x00007fff01f5c000 	C:\Windows\SYSTEM32\ntdll.dll
0x00007fff017f0000 - 0x00007fff0192e000 	C:\Windows\system32\KERNEL32.DLL
0x00007ffefefd0000 - 0x00007ffeff0e5000 	C:\Windows\system32\KERNELBASE.dll
0x00007ffefdaa0000 - 0x00007ffefdb2e000 	C:\Windows\system32\apphelp.dll
0x00007ffef1dd0000 - 0x00007ffef1e23000 	C:\Windows\AppPatch\AppPatch64\AcGenral.DLL
0x00007fff00f00000 - 0x00007fff00faa000 	C:\Windows\system32\msvcrt.dll
0x00007ffefecd0000 - 0x00007ffefecfe000 	C:\Windows\SYSTEM32\SspiCli.dll
0x00007fff00e40000 - 0x00007fff00e94000 	C:\Windows\system32\SHLWAPI.dll
0x00007fff013f0000 - 0x00007fff01567000 	C:\Windows\system32\USER32.dll
0x00007fff00c90000 - 0x00007fff00e24000 	C:\Windows\system32\ole32.dll
0x00007ffeff500000 - 0x00007fff00a18000 	C:\Windows\system32\SHELL32.dll
0x00007ffefe760000 - 0x00007ffefe781000 	C:\Windows\SYSTEM32\USERENV.dll
0x00007fff01340000 - 0x00007fff013ea000 	C:\Windows\system32\ADVAPI32.dll
0x00007ffef5790000 - 0x00007ffef57ae000 	C:\Windows\SYSTEM32\MPR.dll
0x00007fff00b40000 - 0x00007fff00c81000 	C:\Windows\system32\RPCRT4.dll
0x00007fff01790000 - 0x00007fff017e9000 	C:\Windows\SYSTEM32\sechost.dll
0x00007fff01120000 - 0x00007fff01331000 	C:\Windows\SYSTEM32\combase.dll
0x00007fff00fc0000 - 0x00007fff01111000 	C:\Windows\system32\GDI32.dll
0x00007ffefef00000 - 0x00007ffefef15000 	C:\Windows\SYSTEM32\profapi.dll
0x00007ffefd470000 - 0x00007ffefd522000 	C:\Windows\SYSTEM32\SHCORE.dll
0x00007fff01750000 - 0x00007fff01786000 	C:\Windows\system32\IMM32.DLL
0x00007fff015f0000 - 0x00007fff01742000 	C:\Windows\system32\MSCTF.dll
0x00007ffefc9a0000 - 0x00007ffefcc1a000 	C:\Windows\WinSxS\amd64_microsoft.windows.common-controls_6595b64144ccf1df_6.0.9600.17810_none_6240b9c7ecbd0bda\COMCTL32.dll
0x000000006e260000 - 0x000000006e332000 	C:\Program Files\Java\jdk1.8.0_45\jre\bin\msvcr100.dll
0x000000006e7b0000 - 0x000000006f033000 	C:\Program Files\Java\jdk1.8.0_45\jre\bin\server\jvm.dll
0x00007ffefcf90000 - 0x00007ffefcf99000 	C:\Windows\SYSTEM32\WSOCK32.dll
0x00007ffefcf10000 - 0x00007ffefcf32000 	C:\Windows\SYSTEM32\WINMM.dll
0x00007ffef7480000 - 0x00007ffef748a000 	C:\Windows\SYSTEM32\VERSION.dll
0x00007fff01930000 - 0x00007fff01937000 	C:\Windows\system32\PSAPI.DLL
0x00007fff00ae0000 - 0x00007fff00b3a000 	C:\Windows\system32\WS2_32.dll
0x00007ffefa840000 - 0x00007ffefa86a000 	C:\Windows\SYSTEM32\WINMMBASE.dll
0x00007fff015e0000 - 0x00007fff015e9000 	C:\Windows\system32\NSI.dll
0x00007ffeff1a0000 - 0x00007ffeff1ef000 	C:\Windows\SYSTEM32\cfgmgr32.dll
0x00007ffefdd20000 - 0x00007ffefdd48000 	C:\Windows\SYSTEM32\DEVOBJ.dll
0x000000006e7a0000 - 0x000000006e7af000 	C:\Program Files\Java\jdk1.8.0_45\jre\bin\verify.dll
0x000000006e770000 - 0x000000006e799000 	C:\Program Files\Java\jdk1.8.0_45\jre\bin\java.dll
0x000000006e750000 - 0x000000006e766000 	C:\Program Files\Java\jdk1.8.0_45\jre\bin\zip.dll
0x00007ffefc590000 - 0x00007ffefc719000 	C:\Windows\SYSTEM32\dbghelp.dll

VM Arguments:
jvm_args: -Xmx1024M -Dfile.encoding=windows-1252 -Duser.country=US -Duser.language=en -Duser.variant 
java_command: com.android.dx.command.Main --dex --output F:\FPT\POMY\QuanLyChiTieu\app\build\intermediates\pre-dexed\debug\classes-72c61269d131dc4a79f7caa4d5ff2e1083e4ca42.jar F:\FPT\POMY\QuanLyChiTieu\app\build\intermediates\exploded-aar\com.android.support\appcompat-v7\22.2.0\jars\classes.jar
java_class_path (initial): C:\Program Files\SDK\build-tools\21.1.2\lib\dx.jar
Launcher Type: SUN_STANDARD

Environment Variables:
PATH=C:\ProgramData\Oracle\Java\javapath;C:\Windows\system32;C:\Windows;C:\Windows\System32\Wbem;C:\Windows\System32\WindowsPowerShell\v1.0\;C:\Program Files (x86)\Skype\Phone\
USERNAME=Ken
OS=Windows_NT
PROCESSOR_IDENTIFIER=Intel64 Family 6 Model 58 Stepping 9, GenuineIntel



---------------  S Y S T E M  ---------------

OS: Windows 8.1 , 64 bit Build 9600 (6.3.9600.17415)

CPU:total 4 (2 cores per cpu, 2 threads per core) family 6 model 58 stepping 9, cmov, cx8, fxsr, mmx, sse, sse2, sse3, ssse3, sse4.1, sse4.2, popcnt, avx, aes, clmul, erms, ht, tsc, tscinvbit, tscinv

Memory: 4k page, physical 5125668k(96376k free), swap 7222820k(19600k free)

vm_info: Java HotSpot(TM) 64-Bit Server VM (25.45-b02) for windows-amd64 JRE (1.8.0_45-b15), built on Apr 30 2015 12:40:44 by "java_re" with MS VC++ 10.0 (VS2010)

time: Mon Jun 22 20:56:30 2015
elapsed time: 29 seconds (0d 0h 0m 29s)

